
**** Build of configuration Debug for project Friendly_Interrogator ****

"C:\\ti\\ccsv6\\utils\\bin\\gmake" -k all 
'Building file: ../interrogator_main.c'
'Invoking: MSP432 Compiler'
"C:/ti/ccsv6/tools/compiler/ti-cgt-arm_5.2.7/bin/armcl" -mv7M4 --code_state=16 --float_support=FPv4SPD16 --abi=eabi -me --include_path="C:/ti/ccsv6/ccs_base/arm/include" --include_path="C:/ti/ccsv6/ccs_base/arm/include/CMSIS" --include_path="C:/ti/ccsv6/tools/compiler/ti-cgt-arm_5.2.7/include" --advice:power=all -g --gcc --define=__MSP432P401R__ --define=TARGET_IS_MSP432P4XX --define=ccs --diag_wrap=off --display_error_number --diag_warning=225 --preproc_with_compile --preproc_dependency="interrogator_main.pp"  "../interrogator_main.c"
"../interrogator_main.c", line 115: warning #551-D: variable "check_sum" is used before its value is set
"../interrogator_main.c", line 162: warning #112-D: statement is unreachable
"../interrogator_main.c", line 164: warning #225-D: function "get_photo_binaries" declared implicitly
"../interrogator_main.c", line 74: warning #552-D: variable "unique_id" was set but never used
"../interrogator_main.c", line 75: warning #179-D: variable "ack_passphrase" was declared but never referenced
"../interrogator_main.c", line 76: warning #179-D: variable "received_ack_passphrase" was declared but never referenced
"../interrogator_main.c", line 110: remark #2623-D: (ULP 5.4) Detected an assignment to a type with size less than int. To avoid unnecessary sign extension, use int-sized types for local varaibles and convert to smaller types for static storage.
"../interrogator_main.c", line 115: remark #2623-D: (ULP 5.4) Detected an assignment to a type with size less than int. To avoid unnecessary sign extension, use int-sized types for local varaibles and convert to smaller types for static storage.
"../interrogator_main.c", line 151: remark #1527-D: (ULP 2.1) Detected SW delay loop using empty loop. Recommend using a timer module instead
"../interrogator_main.c", line 174: error #171: expected a declaration
"../interrogator_main.c", line 195: warning #12-D: parsing restarts here after previous syntax error
"../interrogator_main.c", line 197: error #171: expected a declaration
"../interrogator_main.c", line 200: warning #78-D: this declaration has no storage class or type specifier
"../interrogator_main.c", line 200: error #66: expected a ";"
"../interrogator_main.c", line 203: error #171: expected a declaration
"../interrogator_main.c", line 206: error #171: expected a declaration
At end of source: warning #12-D: parsing restarts here after previous syntax error
5 errors detected in the compilation of "../interrogator_main.c".

>> Compilation failure
gmake: *** [interrogator_main.obj] Error 1
gmake: Target `all' not remade because of errors.

**** Build Finished ****
